<?xml version="1.0" encoding="UTF-8"?>
<!-- Generated by org.testng.reporters.JUnitReportReporter -->
<testsuite hostname="Sanju" failures="0" tests="1" name="Runner.Ex9_DataTableRunner" time="0.092" errors="0" timestamp="2025-01-24T07:56:26 IST" skipped="0">
  <testcase classname="Runner.Ex9_DataTableRunner" name="runScenario" time="0.092"/>
  <system-out/>
</testsuite> <!-- Runner.Ex9_DataTableRunner -->
