<?xml version="1.0" encoding="UTF-8"?>
<!-- Generated by org.testng.reporters.JUnitReportReporter -->
<testsuite hostname="Sanju" failures="0" tests="2" name="Runner.Ex10_HooksRunner" time="0.088" errors="0" timestamp="2025-01-25T07:52:06 IST" skipped="0">
  <testcase classname="Runner.Ex10_HooksRunner" name="runScenario" time="0.014"/>
  <system-out/>
  <testcase classname="Runner.Ex10_HooksRunner" name="runScenario" time="0.074"/>
  <system-out/>
</testsuite> <!-- Runner.Ex10_HooksRunner -->
