<?xml version="1.0" encoding="UTF-8"?>
<!-- Generated by org.testng.reporters.JUnitReportReporter -->
<testsuite hostname="Sanju" failures="0" tests="27" name="Runner.Ex14_GenerateReportRunner" time="0.234" errors="0" timestamp="2025-01-27T07:58:01 IST" skipped="0">
  <testcase classname="Runner.Ex14_GenerateReportRunner" name="runScenario" time="0.072"/>
  <system-out/>
  <testcase classname="Runner.Ex14_GenerateReportRunner" name="runScenario" time="0.006"/>
  <system-out/>
  <testcase classname="Runner.Ex14_GenerateReportRunner" name="runScenario" time="0.008"/>
  <system-out/>
  <testcase classname="Runner.Ex14_GenerateReportRunner" name="runScenario" time="0.008"/>
  <system-out/>
  <testcase classname="Runner.Ex14_GenerateReportRunner" name="runScenario" time="0.003"/>
  <system-out/>
  <testcase classname="Runner.Ex14_GenerateReportRunner" name="runScenario" time="0.004"/>
  <system-out/>
  <testcase classname="Runner.Ex14_GenerateReportRunner" name="runScenario" time="0.005"/>
  <system-out/>
  <testcase classname="Runner.Ex14_GenerateReportRunner" name="runScenario" time="0.008"/>
  <system-out/>
  <testcase classname="Runner.Ex14_GenerateReportRunner" name="runScenario" time="0.003"/>
  <system-out/>
  <testcase classname="Runner.Ex14_GenerateReportRunner" name="runScenario" time="0.006"/>
  <system-out/>
  <testcase classname="Runner.Ex14_GenerateReportRunner" name="runScenario" time="0.011"/>
  <system-out/>
  <testcase classname="Runner.Ex14_GenerateReportRunner" name="runScenario" time="0.006"/>
  <system-out/>
  <testcase classname="Runner.Ex14_GenerateReportRunner" name="runScenario" time="0.008"/>
  <system-out/>
  <testcase classname="Runner.Ex14_GenerateReportRunner" name="runScenario" time="0.005"/>
  <system-out/>
  <testcase classname="Runner.Ex14_GenerateReportRunner" name="runScenario" time="0.008"/>
  <system-out/>
  <testcase classname="Runner.Ex14_GenerateReportRunner" name="runScenario" time="0.007"/>
  <system-out/>
  <testcase classname="Runner.Ex14_GenerateReportRunner" name="runScenario" time="0.004"/>
  <system-out/>
  <testcase classname="Runner.Ex14_GenerateReportRunner" name="runScenario" time="0.007"/>
  <system-out/>
  <testcase classname="Runner.Ex14_GenerateReportRunner" name="runScenario" time="0.004"/>
  <system-out/>
  <testcase classname="Runner.Ex14_GenerateReportRunner" name="runScenario" time="0.005"/>
  <system-out/>
  <testcase classname="Runner.Ex14_GenerateReportRunner" name="runScenario" time="0.006"/>
  <system-out/>
  <testcase classname="Runner.Ex14_GenerateReportRunner" name="runScenario" time="0.002"/>
  <system-out/>
  <testcase classname="Runner.Ex14_GenerateReportRunner" name="runScenario" time="0.004"/>
  <system-out/>
  <testcase classname="Runner.Ex14_GenerateReportRunner" name="runScenario" time="0.014"/>
  <system-out/>
  <testcase classname="Runner.Ex14_GenerateReportRunner" name="runScenario" time="0.005"/>
  <system-out/>
  <testcase classname="Runner.Ex14_GenerateReportRunner" name="runScenario" time="0.009"/>
  <system-out/>
  <testcase classname="Runner.Ex14_GenerateReportRunner" name="runScenario" time="0.006"/>
  <system-out/>
</testsuite> <!-- Runner.Ex14_GenerateReportRunner -->
