<?xml version="1.0" encoding="UTF-8"?>
<!-- Generated by org.testng.reporters.JUnitReportReporter -->
<testsuite hostname="Sanju" failures="0" tests="1" name="Runner.Ex15_ReRunOnlyFailedScenariosRunner" time="0.085" errors="0" timestamp="2025-01-28T07:42:11 IST" skipped="0">
  <testcase classname="Runner.Ex15_ReRunOnlyFailedScenariosRunner" name="runScenario" time="0.085"/>
  <system-out/>
</testsuite> <!-- Runner.Ex15_ReRunOnlyFailedScenariosRunner -->
