<?xml version="1.0" encoding="UTF-8"?>
<!-- Generated by org.testng.reporters.JUnitReportReporter -->
<testsuite hostname="Sanju" failures="0" tests="27" name="Runner.Ex13_dryRunRunner" time="0.254" errors="0" timestamp="2025-01-27T07:51:33 IST" skipped="0">
  <testcase classname="Runner.Ex13_dryRunRunner" name="runScenario" time="0.006"/>
  <system-out/>
  <testcase classname="Runner.Ex13_dryRunRunner" name="runScenario" time="0.009"/>
  <system-out/>
  <testcase classname="Runner.Ex13_dryRunRunner" name="runScenario" time="0.007"/>
  <system-out/>
  <testcase classname="Runner.Ex13_dryRunRunner" name="runScenario" time="0.014"/>
  <system-out/>
  <testcase classname="Runner.Ex13_dryRunRunner" name="runScenario" time="0.006"/>
  <system-out/>
  <testcase classname="Runner.Ex13_dryRunRunner" name="runScenario" time="0.006"/>
  <system-out/>
  <testcase classname="Runner.Ex13_dryRunRunner" name="runScenario" time="0.006"/>
  <system-out/>
  <testcase classname="Runner.Ex13_dryRunRunner" name="runScenario" time="0.007"/>
  <system-out/>
  <testcase classname="Runner.Ex13_dryRunRunner" name="runScenario" time="0.004"/>
  <system-out/>
  <testcase classname="Runner.Ex13_dryRunRunner" name="runScenario" time="0.005"/>
  <system-out/>
  <testcase classname="Runner.Ex13_dryRunRunner" name="runScenario" time="0.008"/>
  <system-out/>
  <testcase classname="Runner.Ex13_dryRunRunner" name="runScenario" time="0.005"/>
  <system-out/>
  <testcase classname="Runner.Ex13_dryRunRunner" name="runScenario" time="0.004"/>
  <system-out/>
  <testcase classname="Runner.Ex13_dryRunRunner" name="runScenario" time="0.005"/>
  <system-out/>
  <testcase classname="Runner.Ex13_dryRunRunner" name="runScenario" time="0.007"/>
  <system-out/>
  <testcase classname="Runner.Ex13_dryRunRunner" name="runScenario" time="0.008"/>
  <system-out/>
  <testcase classname="Runner.Ex13_dryRunRunner" name="runScenario" time="0.012"/>
  <system-out/>
  <testcase classname="Runner.Ex13_dryRunRunner" name="runScenario" time="0.006"/>
  <system-out/>
  <testcase classname="Runner.Ex13_dryRunRunner" name="runScenario" time="0.006"/>
  <system-out/>
  <testcase classname="Runner.Ex13_dryRunRunner" name="runScenario" time="0.006"/>
  <system-out/>
  <testcase classname="Runner.Ex13_dryRunRunner" name="runScenario" time="0.006"/>
  <system-out/>
  <testcase classname="Runner.Ex13_dryRunRunner" name="runScenario" time="0.011"/>
  <system-out/>
  <testcase classname="Runner.Ex13_dryRunRunner" name="runScenario" time="0.005"/>
  <system-out/>
  <testcase classname="Runner.Ex13_dryRunRunner" name="runScenario" time="0.006"/>
  <system-out/>
  <testcase classname="Runner.Ex13_dryRunRunner" name="runScenario" time="0.011"/>
  <system-out/>
  <testcase classname="Runner.Ex13_dryRunRunner" name="runScenario" time="0.071"/>
  <system-out/>
  <testcase classname="Runner.Ex13_dryRunRunner" name="runScenario" time="0.007"/>
  <system-out/>
</testsuite> <!-- Runner.Ex13_dryRunRunner -->
