<?xml version="1.0" encoding="UTF-8"?>
<!-- Generated by org.testng.reporters.JUnitReportReporter -->
<testsuite hostname="Sanju" failures="0" tests="5" name="Runner.Ex6_ScenarioOutlineRunner" time="0.156" errors="0" timestamp="2025-01-23T08:00:21 IST" skipped="0">
  <testcase classname="Runner.Ex6_ScenarioOutlineRunner" name="runScenario" time="0.012"/>
  <system-out/>
  <testcase classname="Runner.Ex6_ScenarioOutlineRunner" name="runScenario" time="0.102"/>
  <system-out/>
  <testcase classname="Runner.Ex6_ScenarioOutlineRunner" name="runScenario" time="0.014"/>
  <system-out/>
  <testcase classname="Runner.Ex6_ScenarioOutlineRunner" name="runScenario" time="0.012"/>
  <system-out/>
  <testcase classname="Runner.Ex6_ScenarioOutlineRunner" name="runScenario" time="0.016"/>
  <system-out/>
</testsuite> <!-- Runner.Ex6_ScenarioOutlineRunner -->
