<?xml version="1.0" encoding="UTF-8"?>
<!-- Generated by org.testng.reporters.JUnitReportReporter -->
<testsuite hostname="Sanju" failures="0" tests="3" name="Runner.Ex5_GenerateReportRunner" time="0.092" errors="0" timestamp="2025-01-23T07:38:27 IST" skipped="0">
  <testcase classname="Runner.Ex5_GenerateReportRunner" name="runScenario" time="0.073"/>
  <system-out/>
  <testcase classname="Runner.Ex5_GenerateReportRunner" name="runScenario" time="0.011"/>
  <system-out/>
  <testcase classname="Runner.Ex5_GenerateReportRunner" name="runScenario" time="0.008"/>
  <system-out/>
</testsuite> <!-- Runner.Ex5_GenerateReportRunner -->
