<?xml version="1.0" encoding="UTF-8"?>
<!-- Generated by org.testng.reporters.JUnitReportReporter -->
<testsuite hostname="Sanju" failures="0" tests="1" name="Runner.Ex3_PassInput_TD_FromFeatureFileIntoSterpsClassRunner" time="0.072" errors="0" timestamp="2025-01-22T07:52:34 IST" skipped="0">
  <testcase classname="Runner.Ex3_PassInput_TD_FromFeatureFileIntoSterpsClassRunner" name="runScenario" time="0.072"/>
  <system-out/>
</testsuite> <!-- Runner.Ex3_PassInput_TD_FromFeatureFileIntoSterpsClassRunner -->
