<?xml version="1.0" encoding="UTF-8"?>
<!-- Generated by org.testng.reporters.JUnitReportReporter -->
<testsuite hostname="Sanju" failures="0" tests="4" name="Runner.Ex8_ScenarioOutlineWithBackgroundKeywordRunner" time="0.227" errors="0" timestamp="2025-01-24T07:37:18 IST" skipped="0">
  <testcase classname="Runner.Ex8_ScenarioOutlineWithBackgroundKeywordRunner" name="runScenario" time="0.039"/>
  <system-out/>
  <testcase classname="Runner.Ex8_ScenarioOutlineWithBackgroundKeywordRunner" name="runScenario" time="0.138"/>
  <system-out/>
  <testcase classname="Runner.Ex8_ScenarioOutlineWithBackgroundKeywordRunner" name="runScenario" time="0.028"/>
  <system-out/>
  <testcase classname="Runner.Ex8_ScenarioOutlineWithBackgroundKeywordRunner" name="runScenario" time="0.022"/>
  <system-out/>
</testsuite> <!-- Runner.Ex8_ScenarioOutlineWithBackgroundKeywordRunner -->
