<?xml version="1.0" encoding="UTF-8"?>
<!-- Generated by org.testng.reporters.JUnitReportReporter -->
<testsuite hostname="Sanju" failures="0" tests="1" name="Runner.RE1_LoginToSwagLabRunner" time="7.908" errors="0" timestamp="2025-01-29T08:17:42 IST" skipped="0">
  <testcase classname="Runner.RE1_LoginToSwagLabRunner" name="runScenario" time="7.908"/>
  <system-out/>
</testsuite> <!-- Runner.RE1_LoginToSwagLabRunner -->
