<?xml version="1.0" encoding="UTF-8"?>
<!-- Generated by org.testng.reporters.JUnitReportReporter -->
<testsuite hostname="Sanju" failures="0" tests="3" name="Runner.Ex4_UseOfBackgroundKeywordRunner" time="0.079" errors="0" timestamp="2025-01-23T07:34:25 IST" skipped="0">
  <testcase classname="Runner.Ex4_UseOfBackgroundKeywordRunner" name="runScenario" time="0.004"/>
  <system-out/>
  <testcase classname="Runner.Ex4_UseOfBackgroundKeywordRunner" name="runScenario" time="0.068"/>
  <system-out/>
  <testcase classname="Runner.Ex4_UseOfBackgroundKeywordRunner" name="runScenario" time="0.007"/>
  <system-out/>
</testsuite> <!-- Runner.Ex4_UseOfBackgroundKeywordRunner -->
