<?xml version="1.0" encoding="UTF-8"?>
<!-- Generated by org.testng.reporters.JUnitReportReporter -->
<testsuite hostname="Sanju" failures="0" tests="2" name="Runner.Ex2_MultipleScenarioInSingleFeatureFileRunner" time="0.064" errors="0" timestamp="2025-01-22T07:35:35 IST" skipped="0">
  <testcase classname="Runner.Ex2_MultipleScenarioInSingleFeatureFileRunner" name="runScenario" time="0.061"/>
  <system-out/>
  <testcase classname="Runner.Ex2_MultipleScenarioInSingleFeatureFileRunner" name="runScenario" time="0.003"/>
  <system-out/>
</testsuite> <!-- Runner.Ex2_MultipleScenarioInSingleFeatureFileRunner -->
