<?xml version="1.0" encoding="UTF-8"?>
<!-- Generated by org.testng.reporters.JUnitReportReporter -->
<testsuite hostname="Sanju" failures="0" tests="25" name="Runner.Ex13_TagsRunner" time="0.277" errors="0" timestamp="2025-01-27T07:45:40 IST" skipped="0">
  <testcase classname="Runner.Ex13_TagsRunner" name="runScenario" time="0.072"/>
  <system-out/>
  <testcase classname="Runner.Ex13_TagsRunner" name="runScenario" time="0.010"/>
  <system-out/>
  <testcase classname="Runner.Ex13_TagsRunner" name="runScenario" time="0.009"/>
  <system-out/>
  <testcase classname="Runner.Ex13_TagsRunner" name="runScenario" time="0.010"/>
  <system-out/>
  <testcase classname="Runner.Ex13_TagsRunner" name="runScenario" time="0.008"/>
  <system-out/>
  <testcase classname="Runner.Ex13_TagsRunner" name="runScenario" time="0.010"/>
  <system-out/>
  <testcase classname="Runner.Ex13_TagsRunner" name="runScenario" time="0.008"/>
  <system-out/>
  <testcase classname="Runner.Ex13_TagsRunner" name="runScenario" time="0.008"/>
  <system-out/>
  <testcase classname="Runner.Ex13_TagsRunner" name="runScenario" time="0.006"/>
  <system-out/>
  <testcase classname="Runner.Ex13_TagsRunner" name="runScenario" time="0.006"/>
  <system-out/>
  <testcase classname="Runner.Ex13_TagsRunner" name="runScenario" time="0.005"/>
  <system-out/>
  <testcase classname="Runner.Ex13_TagsRunner" name="runScenario" time="0.007"/>
  <system-out/>
  <testcase classname="Runner.Ex13_TagsRunner" name="runScenario" time="0.009"/>
  <system-out/>
  <testcase classname="Runner.Ex13_TagsRunner" name="runScenario" time="0.005"/>
  <system-out/>
  <testcase classname="Runner.Ex13_TagsRunner" name="runScenario" time="0.009"/>
  <system-out/>
  <testcase classname="Runner.Ex13_TagsRunner" name="runScenario" time="0.007"/>
  <system-out/>
  <testcase classname="Runner.Ex13_TagsRunner" name="runScenario" time="0.005"/>
  <system-out/>
  <testcase classname="Runner.Ex13_TagsRunner" name="runScenario" time="0.009"/>
  <system-out/>
  <testcase classname="Runner.Ex13_TagsRunner" name="runScenario" time="0.005"/>
  <system-out/>
  <testcase classname="Runner.Ex13_TagsRunner" name="runScenario" time="0.008"/>
  <system-out/>
  <testcase classname="Runner.Ex13_TagsRunner" name="runScenario" time="0.020"/>
  <system-out/>
  <testcase classname="Runner.Ex13_TagsRunner" name="runScenario" time="0.010"/>
  <system-out/>
  <testcase classname="Runner.Ex13_TagsRunner" name="runScenario" time="0.010"/>
  <system-out/>
  <testcase classname="Runner.Ex13_TagsRunner" name="runScenario" time="0.014"/>
  <system-out/>
  <testcase classname="Runner.Ex13_TagsRunner" name="runScenario" time="0.007"/>
  <system-out/>
</testsuite> <!-- Runner.Ex13_TagsRunner -->
