<?xml version="1.0" encoding="UTF-8"?>
<!-- Generated by org.testng.reporters.JUnitReportReporter -->
<testsuite hostname="Sanju" failures="0" tests="4" name="Runner.Ex7_ScenarioOutlineWithNormalScenarioRunner" time="0.300" errors="0" timestamp="2025-01-24T07:31:27 IST" skipped="0">
  <testcase classname="Runner.Ex7_ScenarioOutlineWithNormalScenarioRunner" name="runScenario" time="0.029"/>
  <system-out/>
  <testcase classname="Runner.Ex7_ScenarioOutlineWithNormalScenarioRunner" name="runScenario" time="0.039"/>
  <system-out/>
  <testcase classname="Runner.Ex7_ScenarioOutlineWithNormalScenarioRunner" name="runScenario" time="0.197"/>
  <system-out/>
  <testcase classname="Runner.Ex7_ScenarioOutlineWithNormalScenarioRunner" name="runScenario" time="0.035"/>
  <system-out/>
</testsuite> <!-- Runner.Ex7_ScenarioOutlineWithNormalScenarioRunner -->
