<?xml version="1.0" encoding="UTF-8"?>
<!-- Generated by org.testng.reporters.JUnitReportReporter -->
<testsuite hostname="Sanju" failures="0" tests="1" name="Runner.Ex1_loginToApplWithoutTDRunner" time="0.071" errors="0" timestamp="2025-01-21T08:14:59 IST" skipped="0">
  <testcase classname="Runner.Ex1_loginToApplWithoutTDRunner" name="runScenario" time="0.071"/>
  <system-out/>
</testsuite> <!-- Runner.Ex1_loginToApplWithoutTDRunner -->
