<?xml version="1.0" encoding="UTF-8"?>
<!-- Generated by org.testng.reporters.JUnitReportReporter -->
<testsuite hostname="Sanju" failures="0" tests="4" name="Runner.Ex12_ExecutionOfMultipleFeaturefilesRunner" time="0.122" errors="0" timestamp="2025-01-25T08:00:13 IST" skipped="0">
  <testcase classname="Runner.Ex12_ExecutionOfMultipleFeaturefilesRunner" name="runScenario" time="0.012"/>
  <system-out/>
  <testcase classname="Runner.Ex12_ExecutionOfMultipleFeaturefilesRunner" name="runScenario" time="0.009"/>
  <system-out/>
  <testcase classname="Runner.Ex12_ExecutionOfMultipleFeaturefilesRunner" name="runScenario" time="0.080"/>
  <system-out/>
  <testcase classname="Runner.Ex12_ExecutionOfMultipleFeaturefilesRunner" name="runScenario" time="0.021"/>
  <system-out/>
</testsuite> <!-- Runner.Ex12_ExecutionOfMultipleFeaturefilesRunner -->
